[ 2018-01-27T10:29:09+08:00 ] ERR: (ThinkException) 非法操作:webDesign
[ 2018-01-27T10:29:11+08:00 ] ERR: (ThinkException) 非法操作:webDesign
[ 2018-01-27T10:29:26+08:00 ] ERR: (ThinkException) 非法操作:webDesign
[ 2018-01-27T10:29:26+08:00 ] ERR: (ThinkException) 非法操作:webDesign
[ 2018-01-27T10:29:26+08:00 ] ERR: (ThinkException) 非法操作:webDesign
[ 2018-01-27T10:29:26+08:00 ] ERR: (ThinkException) 非法操作:webDesign
[ 2018-01-27T10:29:27+08:00 ] ERR: (ThinkException) 非法操作:webDesign
[ 2018-01-27T10:29:27+08:00 ] ERR: (ThinkException) 非法操作:webDesign
[ 2018-01-27T10:29:27+08:00 ] ERR: (ThinkException) 非法操作:webDesign
[ 2018-01-27T10:29:50+08:00 ] ERR: (ThinkException) 非法操作:webDesign
[ 2018-01-27T10:29:51+08:00 ] ERR: (ThinkException) 非法操作:webDesign
[ 2018-01-27T10:29:51+08:00 ] ERR: (ThinkException) 非法操作:webDesign
[ 2018-01-27T10:29:51+08:00 ] ERR: (ThinkException) 非法操作:webDesign
[ 2018-01-27T10:29:51+08:00 ] ERR: (ThinkException) 非法操作:webDesign
[ 2018-01-27T10:29:52+08:00 ] ERR: (ThinkException) 非法操作:webDesign
[ 2018-01-27T10:30:20+08:00 ] ERR: (ThinkException) 非法操作:webDesign
[ 2018-01-27T10:31:00+08:00 ] ERR: (ThinkException) 非法操作:webDesign
[ 2018-01-27T10:37:46+08:00 ] ERR: (ThinkException) 非法操作:webDesign
[ 2018-01-27T10:38:06+08:00 ] ERR: (ThinkException) 非法操作:webDesign
[ 2018-01-27T10:38:12+08:00 ] ERR: (ThinkException) 非法操作:webDesign
[ 2018-01-27T10:46:25+08:00 ] ERR: (ThinkException) 非法操作:webDesign
[ 2018-01-27T10:48:00+08:00 ] ERR: (ThinkException) 非法操作:webDesign
[ 2018-01-27T10:48:26+08:00 ] ERR: (ThinkException) 非法操作:webDesign
[ 2018-01-27T10:52:58+08:00 ] ERR: (ThinkException) 非法操作:delete
[ 2018-01-27T10:54:45+08:00 ] ERR: (ThinkException) 非法操作:delete
[ 2018-01-27T10:58:15+08:00 ] ERR: (ThinkException) 非法操作:deleteuser
[ 2018-01-27T19:38:49+08:00 ] 0.0.0.0 /webDesign/admin.php/User/muldelete
INFO: [ app_begin ] --START--
INFO: Run ReadHtmlCache Behavior [ RunTime:0.000778s ]
INFO: [ app_begin ] --END-- [ RunTime:0.000842s ]
NOTIC: [8] Undefined index: array C:\wamp\www\webDesign\Admin\Lib\Action\UserAction.class.php 第 63 行.

